Classic Timing Analyzer report for dem_chan_le_JK_FF
Sun Dec 27 21:39:54 2020
Quartus II Version 9.0 Build 132 02/25/2009 SJ Web Edition


---------------------
; Table of Contents ;
---------------------
  1. Legal Notice
  2. Timing Analyzer Summary
  3. Timing Analyzer Settings
  4. Clock Settings Summary
  5. Parallel Compilation
  6. Clock Setup: 'clk'
  7. tco
  8. Timing Analyzer Messages



----------------
; Legal Notice ;
----------------
Copyright (C) 1991-2009 Altera Corporation
Your use of Altera Corporation's design tools, logic functions 
and other software and tools, and its AMPP partner logic 
functions, and any output files from any of the foregoing 
(including device programming or simulation files), and any 
associated documentation or information are expressly subject 
to the terms and conditions of the Altera Program License 
Subscription Agreement, Altera MegaCore Function License 
Agreement, or other applicable license agreement, including, 
without limitation, that your use is for the sole purpose of 
programming logic devices manufactured by Altera and sold by 
Altera or its authorized distributors.  Please refer to the 
applicable agreement for further details.



+--------------------------------------------------------------------------------------------------------------------------------------------------------------+
; Timing Analyzer Summary                                                                                                                                      ;
+------------------------------+-------+---------------+------------------------------------------------+-------+-------+------------+----------+--------------+
; Type                         ; Slack ; Required Time ; Actual Time                                    ; From  ; To    ; From Clock ; To Clock ; Failed Paths ;
+------------------------------+-------+---------------+------------------------------------------------+-------+-------+------------+----------+--------------+
; Worst-case tco               ; N/A   ; None          ; 6.390 ns                                       ; qs[1] ; q[1]  ; clk        ; --       ; 0            ;
; Clock Setup: 'clk'           ; N/A   ; None          ; Restricted to 420.17 MHz ( period = 2.380 ns ) ; qs[1] ; qs[0] ; clk        ; clk      ; 0            ;
; Total number of failed paths ;       ;               ;                                                ;       ;       ;            ;          ; 0            ;
+------------------------------+-------+---------------+------------------------------------------------+-------+-------+------------+----------+--------------+


+--------------------------------------------------------------------------------------------------------------------+
; Timing Analyzer Settings                                                                                           ;
+---------------------------------------------------------------------+--------------------+------+----+-------------+
; Option                                                              ; Setting            ; From ; To ; Entity Name ;
+---------------------------------------------------------------------+--------------------+------+----+-------------+
; Device Name                                                         ; EP2C35F672C6       ;      ;    ;             ;
; Timing Models                                                       ; Final              ;      ;    ;             ;
; Default hold multicycle                                             ; Same as Multicycle ;      ;    ;             ;
; Cut paths between unrelated clock domains                           ; On                 ;      ;    ;             ;
; Cut off read during write signal paths                              ; On                 ;      ;    ;             ;
; Cut off feedback from I/O pins                                      ; On                 ;      ;    ;             ;
; Report Combined Fast/Slow Timing                                    ; Off                ;      ;    ;             ;
; Ignore Clock Settings                                               ; Off                ;      ;    ;             ;
; Analyze latches as synchronous elements                             ; On                 ;      ;    ;             ;
; Enable Recovery/Removal analysis                                    ; Off                ;      ;    ;             ;
; Enable Clock Latency                                                ; Off                ;      ;    ;             ;
; Use TimeQuest Timing Analyzer                                       ; Off                ;      ;    ;             ;
; Minimum Core Junction Temperature                                   ; 0                  ;      ;    ;             ;
; Maximum Core Junction Temperature                                   ; 85                 ;      ;    ;             ;
; Number of source nodes to report per destination node               ; 10                 ;      ;    ;             ;
; Number of destination nodes to report                               ; 10                 ;      ;    ;             ;
; Number of paths to report                                           ; 200                ;      ;    ;             ;
; Report Minimum Timing Checks                                        ; Off                ;      ;    ;             ;
; Use Fast Timing Models                                              ; Off                ;      ;    ;             ;
; Report IO Paths Separately                                          ; Off                ;      ;    ;             ;
; Perform Multicorner Analysis                                        ; On                 ;      ;    ;             ;
; Reports the worst-case path for each clock domain and analysis      ; Off                ;      ;    ;             ;
; Removes common clock path pessimism (CCPP) during slack computation ; Off                ;      ;    ;             ;
; Output I/O Timing Endpoint                                          ; Near End           ;      ;    ;             ;
+---------------------------------------------------------------------+--------------------+------+----+-------------+


+------------------------------------------------------------------------------------------------------------------------------------------------------------------------------------+
; Clock Settings Summary                                                                                                                                                             ;
+-----------------+--------------------+----------+------------------+---------------+--------------+----------+-----------------------+---------------------+--------+--------------+
; Clock Node Name ; Clock Setting Name ; Type     ; Fmax Requirement ; Early Latency ; Late Latency ; Based on ; Multiply Base Fmax by ; Divide Base Fmax by ; Offset ; Phase offset ;
+-----------------+--------------------+----------+------------------+---------------+--------------+----------+-----------------------+---------------------+--------+--------------+
; clk             ;                    ; User Pin ; None             ; 0.000 ns      ; 0.000 ns     ; --       ; N/A                   ; N/A                 ; N/A    ;              ;
+-----------------+--------------------+----------+------------------+---------------+--------------+----------+-----------------------+---------------------+--------+--------------+


Parallel compilation was disabled, but you have multiple processors available. Enable parallel compilation to reduce compilation time.
+-------------------------------------+
; Parallel Compilation                ;
+----------------------------+--------+
; Processors                 ; Number ;
+----------------------------+--------+
; Number detected on machine ; 4      ;
; Maximum allowed            ; 1      ;
+----------------------------+--------+


+------------------------------------------------------------------------------------------------------------------------------------------------------------------------------------+
; Clock Setup: 'clk'                                                                                                                                                                 ;
+-------+------------------------------------------------+-------+-------+------------+----------+-----------------------------+---------------------------+-------------------------+
; Slack ; Actual fmax (period)                           ; From  ; To    ; From Clock ; To Clock ; Required Setup Relationship ; Required Longest P2P Time ; Actual Longest P2P Time ;
+-------+------------------------------------------------+-------+-------+------------+----------+-----------------------------+---------------------------+-------------------------+
; N/A   ; Restricted to 420.17 MHz ( period = 2.380 ns ) ; qs[1] ; qs[0] ; clk        ; clk      ; None                        ; None                      ; 0.819 ns                ;
; N/A   ; Restricted to 420.17 MHz ( period = 2.380 ns ) ; qs[1] ; qs[2] ; clk        ; clk      ; None                        ; None                      ; 0.548 ns                ;
; N/A   ; Restricted to 420.17 MHz ( period = 2.380 ns ) ; qs[2] ; qs[0] ; clk        ; clk      ; None                        ; None                      ; 0.540 ns                ;
; N/A   ; Restricted to 420.17 MHz ( period = 2.380 ns ) ; qs[0] ; qs[0] ; clk        ; clk      ; None                        ; None                      ; 0.407 ns                ;
; N/A   ; Restricted to 420.17 MHz ( period = 2.380 ns ) ; qs[1] ; qs[1] ; clk        ; clk      ; None                        ; None                      ; 0.407 ns                ;
; N/A   ; Restricted to 420.17 MHz ( period = 2.380 ns ) ; qs[2] ; qs[2] ; clk        ; clk      ; None                        ; None                      ; 0.407 ns                ;
+-------+------------------------------------------------+-------+-------+------------+----------+-----------------------------+---------------------------+-------------------------+


+---------------------------------------------------------------+
; tco                                                           ;
+-------+--------------+------------+-------+------+------------+
; Slack ; Required tco ; Actual tco ; From  ; To   ; From Clock ;
+-------+--------------+------------+-------+------+------------+
; N/A   ; None         ; 6.390 ns   ; qs[1] ; q[1] ; clk        ;
; N/A   ; None         ; 6.378 ns   ; qs[0] ; q[0] ; clk        ;
; N/A   ; None         ; 6.359 ns   ; qs[2] ; q[2] ; clk        ;
+-------+--------------+------------+-------+------+------------+


+--------------------------+
; Timing Analyzer Messages ;
+--------------------------+
Info: *******************************************************************
Info: Running Quartus II Classic Timing Analyzer
    Info: Version 9.0 Build 132 02/25/2009 SJ Web Edition
    Info: Processing started: Sun Dec 27 21:39:54 2020
Info: Command: quartus_tan --read_settings_files=off --write_settings_files=off dem_chan_le_JK_FF -c dem_chan_le_JK_FF --timing_analysis_only
Warning: Found pins functioning as undefined clocks and/or memory enables
    Info: Assuming node "clk" is an undefined clock
Info: Clock "clk" Internal fmax is restricted to 420.17 MHz between source register "qs[1]" and destination register "qs[0]"
    Info: fmax restricted to clock pin edge rate 2.38 ns. Expand message to see actual delay path.
        Info: + Longest register to register delay is 0.819 ns
            Info: 1: + IC(0.000 ns) + CELL(0.000 ns) = 0.000 ns; Loc. = LCFF_X64_Y1_N3; Fanout = 4; REG Node = 'qs[1]'
            Info: 2: + IC(0.316 ns) + CELL(0.419 ns) = 0.735 ns; Loc. = LCCOMB_X64_Y1_N0; Fanout = 1; COMB Node = 'qs[0]~4'
            Info: 3: + IC(0.000 ns) + CELL(0.084 ns) = 0.819 ns; Loc. = LCFF_X64_Y1_N1; Fanout = 2; REG Node = 'qs[0]'
            Info: Total cell delay = 0.503 ns ( 61.42 % )
            Info: Total interconnect delay = 0.316 ns ( 38.58 % )
        Info: - Smallest clock skew is 0.000 ns
            Info: + Shortest clock path from clock "clk" to destination register is 2.688 ns
                Info: 1: + IC(0.000 ns) + CELL(0.999 ns) = 0.999 ns; Loc. = PIN_AE14; Fanout = 1; CLK Node = 'clk'
                Info: 2: + IC(0.118 ns) + CELL(0.000 ns) = 1.117 ns; Loc. = CLKCTRL_G14; Fanout = 3; COMB Node = 'clk~clkctrl'
                Info: 3: + IC(1.034 ns) + CELL(0.537 ns) = 2.688 ns; Loc. = LCFF_X64_Y1_N1; Fanout = 2; REG Node = 'qs[0]'
                Info: Total cell delay = 1.536 ns ( 57.14 % )
                Info: Total interconnect delay = 1.152 ns ( 42.86 % )
            Info: - Longest clock path from clock "clk" to source register is 2.688 ns
                Info: 1: + IC(0.000 ns) + CELL(0.999 ns) = 0.999 ns; Loc. = PIN_AE14; Fanout = 1; CLK Node = 'clk'
                Info: 2: + IC(0.118 ns) + CELL(0.000 ns) = 1.117 ns; Loc. = CLKCTRL_G14; Fanout = 3; COMB Node = 'clk~clkctrl'
                Info: 3: + IC(1.034 ns) + CELL(0.537 ns) = 2.688 ns; Loc. = LCFF_X64_Y1_N3; Fanout = 4; REG Node = 'qs[1]'
                Info: Total cell delay = 1.536 ns ( 57.14 % )
                Info: Total interconnect delay = 1.152 ns ( 42.86 % )
        Info: + Micro clock to output delay of source is 0.250 ns
        Info: + Micro setup delay of destination is -0.036 ns
Info: tco from clock "clk" to destination pin "q[1]" through register "qs[1]" is 6.390 ns
    Info: + Longest clock path from clock "clk" to source register is 2.688 ns
        Info: 1: + IC(0.000 ns) + CELL(0.999 ns) = 0.999 ns; Loc. = PIN_AE14; Fanout = 1; CLK Node = 'clk'
        Info: 2: + IC(0.118 ns) + CELL(0.000 ns) = 1.117 ns; Loc. = CLKCTRL_G14; Fanout = 3; COMB Node = 'clk~clkctrl'
        Info: 3: + IC(1.034 ns) + CELL(0.537 ns) = 2.688 ns; Loc. = LCFF_X64_Y1_N3; Fanout = 4; REG Node = 'qs[1]'
        Info: Total cell delay = 1.536 ns ( 57.14 % )
        Info: Total interconnect delay = 1.152 ns ( 42.86 % )
    Info: + Micro clock to output delay of source is 0.250 ns
    Info: + Longest register to pin delay is 3.452 ns
        Info: 1: + IC(0.000 ns) + CELL(0.000 ns) = 0.000 ns; Loc. = LCFF_X64_Y1_N3; Fanout = 4; REG Node = 'qs[1]'
        Info: 2: + IC(0.634 ns) + CELL(2.818 ns) = 3.452 ns; Loc. = PIN_AF23; Fanout = 0; PIN Node = 'q[1]'
        Info: Total cell delay = 2.818 ns ( 81.63 % )
        Info: Total interconnect delay = 0.634 ns ( 18.37 % )
Info: Quartus II Classic Timing Analyzer was successful. 0 errors, 1 warning
    Info: Peak virtual memory: 187 megabytes
    Info: Processing ended: Sun Dec 27 21:39:54 2020
    Info: Elapsed time: 00:00:00
    Info: Total CPU time (on all processors): 00:00:00


